02-Apr-23 14:41:31 - [31m[1mWARNING: This is a development server. Do not use it in a production deployment. Use a production WSGI server instead.[0m
 * Running on all addresses (0.0.0.0)
 * Running on http://127.0.0.1:5656
 * Running on http://192.168.8.103:5656
02-Apr-23 14:41:31 - [33mPress CTRL+C to quit[0m
02-Apr-23 14:41:31 -  * Restarting with stat
02-Apr-23 14:41:34 -  * Debugger is active!
02-Apr-23 14:41:34 -  * Debugger PIN: 795-099-658
02-Apr-23 14:43:24 - Starting new HTTP connection (1): localhost:8200
02-Apr-23 14:43:24 - http://localhost:8200 "GET /v1/auth/token/lookup-self HTTP/1.1" 200 505
02-Apr-23 14:44:12 - Starting new HTTP connection (1): localhost:8200
02-Apr-23 14:44:12 - http://localhost:8200 "GET /v1/auth/token/lookup-self HTTP/1.1" 200 505
02-Apr-23 14:44:12 - [31m[1mWARNING: This is a development server. Do not use it in a production deployment. Use a production WSGI server instead.[0m
 * Running on all addresses (0.0.0.0)
 * Running on http://127.0.0.1:5656
 * Running on http://192.168.8.103:5656
02-Apr-23 14:44:12 - [33mPress CTRL+C to quit[0m
02-Apr-23 14:44:12 -  * Restarting with stat
02-Apr-23 14:44:15 - Starting new HTTP connection (1): localhost:8200
02-Apr-23 14:44:15 - http://localhost:8200 "GET /v1/auth/token/lookup-self HTTP/1.1" 200 505
02-Apr-23 14:44:15 -  * Debugger is active!
02-Apr-23 14:44:15 -  * Debugger PIN: 795-099-658
02-Apr-23 14:45:55 - 127.0.0.1 - - [02/Apr/2023 14:45:55] "[32mPOST /accounts HTTP/1.1[0m" 308 -
02-Apr-23 14:45:55 - 127.0.0.1 - - [02/Apr/2023 14:45:55] "[31m[1mPOST /accounts/ HTTP/1.1[0m" 401 -
02-Apr-23 14:46:34 - 127.0.0.1 - - [02/Apr/2023 14:46:34] "[32mPOST /accounts HTTP/1.1[0m" 308 -
02-Apr-23 14:46:34 - saving Account 
02-Apr-23 14:46:37 - (psycopg2.OperationalError) could not translate host name "db" to address: Unknown host

(Background on this error at: https://sqlalche.me/e/14/e3q8)
02-Apr-23 14:46:37 - 127.0.0.1 - - [02/Apr/2023 14:46:37] "[31m[1mPOST /accounts/ HTTP/1.1[0m" 400 -
02-Apr-23 14:47:40 - 127.0.0.1 - - [02/Apr/2023 14:47:40] "[32mPOST /accounts HTTP/1.1[0m" 308 -
02-Apr-23 14:47:40 - saving Account 
02-Apr-23 14:47:43 - (psycopg2.OperationalError) could not translate host name "db" to address: Unknown host

(Background on this error at: https://sqlalche.me/e/14/e3q8)
02-Apr-23 14:47:43 - 127.0.0.1 - - [02/Apr/2023 14:47:43] "[31m[1mPOST /accounts/ HTTP/1.1[0m" 400 -
02-Apr-23 14:47:50 - Starting new HTTP connection (1): localhost:8200
02-Apr-23 14:47:50 - http://localhost:8200 "GET /v1/auth/token/lookup-self HTTP/1.1" 200 505
02-Apr-23 14:47:50 - [31m[1mWARNING: This is a development server. Do not use it in a production deployment. Use a production WSGI server instead.[0m
 * Running on all addresses (0.0.0.0)
 * Running on http://127.0.0.1:5656
 * Running on http://192.168.8.103:5656
02-Apr-23 14:47:50 - [33mPress CTRL+C to quit[0m
02-Apr-23 14:47:50 -  * Restarting with stat
02-Apr-23 14:47:53 - Starting new HTTP connection (1): localhost:8200
02-Apr-23 14:47:53 - http://localhost:8200 "GET /v1/auth/token/lookup-self HTTP/1.1" 200 505
02-Apr-23 14:47:53 -  * Debugger is active!
02-Apr-23 14:47:53 -  * Debugger PIN: 795-099-658
02-Apr-23 14:47:57 - 127.0.0.1 - - [02/Apr/2023 14:47:57] "[32mPOST /accounts HTTP/1.1[0m" 308 -
02-Apr-23 14:47:57 - saving Account 
02-Apr-23 14:47:57 - (psycopg2.ProgrammingError) can't adapt type 'Exchange'
[SQL: INSERT INTO accounts (id, exchange, key_id, user_id) VALUES (%(id)s, %(exchange)s, %(key_id)s, %(user_id)s)]
[parameters: {'id': '0e8fd033-22b1-4cc4-b460-2be3451c0d56', 'exchange': Exchange(id='1 ', name=None), 'key_id': None, 'user_id': None}]
(Background on this error at: https://sqlalche.me/e/14/f405)
02-Apr-23 14:47:57 - 127.0.0.1 - - [02/Apr/2023 14:47:57] "[31m[1mPOST /accounts/ HTTP/1.1[0m" 400 -
02-Apr-23 14:51:21 -  * Detected change in 'C:\\Users\\a.aitbenha\\Desktop\\TRABO\\trueSignal\\code\\Tsignal\\app\\entities\\entity.py', reloading
02-Apr-23 14:51:21 -  * Restarting with stat
02-Apr-23 14:51:24 - Starting new HTTP connection (1): localhost:8200
02-Apr-23 14:51:24 - http://localhost:8200 "GET /v1/auth/token/lookup-self HTTP/1.1" 200 505
02-Apr-23 14:51:24 -  * Debugger is active!
02-Apr-23 14:51:24 -  * Debugger PIN: 795-099-658
02-Apr-23 19:25:43 - Starting new HTTP connection (1): localhost:8200
02-Apr-23 19:25:43 - http://localhost:8200 "GET /v1/auth/token/lookup-self HTTP/1.1" 200 506
02-Apr-23 19:25:43 - [31m[1mWARNING: This is a development server. Do not use it in a production deployment. Use a production WSGI server instead.[0m
 * Running on all addresses (0.0.0.0)
 * Running on http://127.0.0.1:5656
 * Running on http://192.168.8.103:5656
02-Apr-23 19:25:43 - [33mPress CTRL+C to quit[0m
02-Apr-23 19:25:43 -  * Restarting with stat
02-Apr-23 19:25:44 - Starting new HTTP connection (1): localhost:8200
02-Apr-23 19:25:44 - http://localhost:8200 "GET /v1/auth/token/lookup-self HTTP/1.1" 200 506
02-Apr-23 19:25:44 -  * Debugger is active!
02-Apr-23 19:25:44 -  * Debugger PIN: 795-099-658
02-Apr-23 19:28:06 - Starting new HTTP connection (1): localhost:8200
02-Apr-23 19:28:06 - http://localhost:8200 "GET /v1/auth/token/lookup-self HTTP/1.1" 200 506
02-Apr-23 19:28:06 - [31m[1mWARNING: This is a development server. Do not use it in a production deployment. Use a production WSGI server instead.[0m
 * Running on all addresses (0.0.0.0)
 * Running on http://127.0.0.1:5656
 * Running on http://192.168.8.103:5656
02-Apr-23 19:28:06 - [33mPress CTRL+C to quit[0m
02-Apr-23 19:28:06 -  * Restarting with stat
02-Apr-23 19:28:07 - Starting new HTTP connection (1): localhost:8200
02-Apr-23 19:28:07 - http://localhost:8200 "GET /v1/auth/token/lookup-self HTTP/1.1" 200 506
02-Apr-23 19:28:07 -  * Debugger is active!
02-Apr-23 19:28:07 -  * Debugger PIN: 795-099-658
02-Apr-23 19:28:22 - 127.0.0.1 - - [02/Apr/2023 19:28:22] "[32mPOST /accounts HTTP/1.1[0m" 308 -
02-Apr-23 19:28:22 - saving Account 
02-Apr-23 19:28:22 - 127.0.0.1 - - [02/Apr/2023 19:28:22] "[31m[1mPOST /accounts/ HTTP/1.1[0m" 400 -
02-Apr-23 19:30:57 -  * Detected change in 'C:\\Users\\a.aitbenha\\Desktop\\TRABO\\trueSignal\\code\\Tsignal\\app\\entities\\entity.py', reloading
02-Apr-23 19:30:57 -  * Restarting with stat
02-Apr-23 19:30:59 - Starting new HTTP connection (1): localhost:8200
02-Apr-23 19:30:59 - http://localhost:8200 "GET /v1/auth/token/lookup-self HTTP/1.1" 200 506
02-Apr-23 19:30:59 -  * Debugger is active!
02-Apr-23 19:30:59 -  * Debugger PIN: 795-099-658
02-Apr-23 19:31:10 -  * Detected change in 'C:\\Users\\a.aitbenha\\Desktop\\TRABO\\trueSignal\\code\\Tsignal\\app\\entities\\entity.py', reloading
02-Apr-23 19:31:10 -  * Restarting with stat
02-Apr-23 19:31:11 - Starting new HTTP connection (1): localhost:8200
02-Apr-23 19:31:11 - http://localhost:8200 "GET /v1/auth/token/lookup-self HTTP/1.1" 200 506
02-Apr-23 19:31:11 -  * Debugger is active!
02-Apr-23 19:31:11 -  * Debugger PIN: 795-099-658
02-Apr-23 19:31:19 -  * Detected change in 'C:\\Users\\a.aitbenha\\Desktop\\TRABO\\trueSignal\\code\\Tsignal\\app\\entities\\entity.py', reloading
02-Apr-23 19:31:20 -  * Restarting with stat
02-Apr-23 19:31:21 - Starting new HTTP connection (1): localhost:8200
02-Apr-23 19:31:21 - http://localhost:8200 "GET /v1/auth/token/lookup-self HTTP/1.1" 200 506
02-Apr-23 19:31:21 -  * Debugger is active!
02-Apr-23 19:31:21 -  * Debugger PIN: 795-099-658
02-Apr-23 19:32:12 -  * Detected change in 'C:\\Users\\a.aitbenha\\Desktop\\TRABO\\trueSignal\\code\\Tsignal\\app\\models\\model.py', reloading
02-Apr-23 19:32:12 -  * Restarting with stat
02-Apr-23 19:32:13 - Starting new HTTP connection (1): localhost:8200
02-Apr-23 19:32:13 - http://localhost:8200 "GET /v1/auth/token/lookup-self HTTP/1.1" 200 506
02-Apr-23 19:32:13 -  * Debugger is active!
02-Apr-23 19:32:13 -  * Debugger PIN: 795-099-658
02-Apr-23 19:33:25 - Starting new HTTP connection (1): localhost:8200
02-Apr-23 19:33:25 - http://localhost:8200 "GET /v1/auth/token/lookup-self HTTP/1.1" 200 506
02-Apr-23 19:33:25 - [31m[1mWARNING: This is a development server. Do not use it in a production deployment. Use a production WSGI server instead.[0m
 * Running on all addresses (0.0.0.0)
 * Running on http://127.0.0.1:5656
 * Running on http://192.168.8.103:5656
02-Apr-23 19:33:25 - [33mPress CTRL+C to quit[0m
02-Apr-23 19:33:25 -  * Restarting with stat
02-Apr-23 19:33:27 - Starting new HTTP connection (1): localhost:8200
02-Apr-23 19:33:27 - http://localhost:8200 "GET /v1/auth/token/lookup-self HTTP/1.1" 200 506
02-Apr-23 19:33:27 -  * Debugger is active!
02-Apr-23 19:33:27 -  * Debugger PIN: 795-099-658
02-Apr-23 19:33:29 - 127.0.0.1 - - [02/Apr/2023 19:33:29] "[32mPOST /accounts HTTP/1.1[0m" 308 -
02-Apr-23 19:33:29 - saving Account 
02-Apr-23 19:33:29 - 127.0.0.1 - - [02/Apr/2023 19:33:29] "[31m[1mPOST /accounts/ HTTP/1.1[0m" 400 -
03-Apr-23 20:51:09 - Starting new HTTP connection (1): localhost:8200
03-Apr-23 20:52:27 - Starting new HTTP connection (1): localhost:8200
03-Apr-23 20:52:27 - http://localhost:8200 "GET /v1/auth/token/lookup-self HTTP/1.1" 200 506
03-Apr-23 20:52:27 - [31m[1mWARNING: This is a development server. Do not use it in a production deployment. Use a production WSGI server instead.[0m
 * Running on all addresses (0.0.0.0)
 * Running on http://127.0.0.1:5656
 * Running on http://192.168.8.103:5656
03-Apr-23 20:52:27 - [33mPress CTRL+C to quit[0m
03-Apr-23 20:52:27 -  * Restarting with stat
03-Apr-23 20:52:29 - Starting new HTTP connection (1): localhost:8200
03-Apr-23 20:52:29 - http://localhost:8200 "GET /v1/auth/token/lookup-self HTTP/1.1" 200 506
03-Apr-23 20:52:29 -  * Debugger is active!
03-Apr-23 20:52:29 -  * Debugger PIN: 795-099-658
03-Apr-23 21:54:08 -  * Detected change in 'C:\\Users\\a.aitbenha\\Desktop\\TRABO\\trueSignal\\code\\Tsignal\\app\\app.py', reloading
03-Apr-23 21:54:09 -  * Restarting with stat
03-Apr-23 21:54:12 - Starting new HTTP connection (1): localhost:8200
03-Apr-23 21:54:12 - http://localhost:8200 "GET /v1/auth/token/lookup-self HTTP/1.1" 200 506
03-Apr-23 21:54:12 -  * Debugger is active!
03-Apr-23 21:54:12 -  * Debugger PIN: 795-099-658
03-Apr-23 21:55:26 - Starting new HTTP connection (1): localhost:8200
03-Apr-23 21:55:26 - http://localhost:8200 "GET /v1/auth/token/lookup-self HTTP/1.1" 200 506
03-Apr-23 21:55:26 - [31m[1mWARNING: This is a development server. Do not use it in a production deployment. Use a production WSGI server instead.[0m
 * Running on all addresses (0.0.0.0)
 * Running on http://127.0.0.1:5656
 * Running on http://192.168.8.103:5656
03-Apr-23 21:55:26 - [33mPress CTRL+C to quit[0m
03-Apr-23 21:55:26 -  * Restarting with stat
03-Apr-23 21:55:28 - Starting new HTTP connection (1): localhost:8200
03-Apr-23 21:55:28 - http://localhost:8200 "GET /v1/auth/token/lookup-self HTTP/1.1" 200 506
03-Apr-23 21:55:28 -  * Debugger is active!
03-Apr-23 21:55:28 -  * Debugger PIN: 795-099-658
03-Apr-23 21:56:21 - 127.0.0.1 - - [03/Apr/2023 21:56:21] "[31m[1mPOST /accounts/ HTTP/1.1[0m" 401 -
03-Apr-23 21:56:26 - 127.0.0.1 - - [03/Apr/2023 21:56:26] "[32mPOST /accounts HTTP/1.1[0m" 308 -
03-Apr-23 21:56:26 - 127.0.0.1 - - [03/Apr/2023 21:56:26] "[31m[1mPOST /accounts/ HTTP/1.1[0m" 401 -
03-Apr-23 21:56:51 - 127.0.0.1 - - [03/Apr/2023 21:56:51] "[32mPOST /accounts HTTP/1.1[0m" 308 -
03-Apr-23 21:56:51 - saving Account 
03-Apr-23 21:56:51 - 127.0.0.1 - - [03/Apr/2023 21:56:51] "[31m[1mPOST /accounts/ HTTP/1.1[0m" 400 -
03-Apr-23 22:01:15 -  * Detected change in 'C:\\Users\\a.aitbenha\\Desktop\\TRABO\\trueSignal\\code\\Tsignal\\app\\entities\\entity.py', reloading
03-Apr-23 22:01:15 -  * Restarting with stat
03-Apr-23 22:01:17 - Starting new HTTP connection (1): localhost:8200
03-Apr-23 22:01:17 - http://localhost:8200 "GET /v1/auth/token/lookup-self HTTP/1.1" 200 506
03-Apr-23 22:01:17 -  * Debugger is active!
03-Apr-23 22:01:17 -  * Debugger PIN: 795-099-658
03-Apr-23 22:01:25 -  * Detected change in 'C:\\Users\\a.aitbenha\\Desktop\\TRABO\\trueSignal\\code\\Tsignal\\app\\entities\\entity.py', reloading
03-Apr-23 22:01:25 -  * Restarting with stat
03-Apr-23 22:01:27 - Starting new HTTP connection (1): localhost:8200
03-Apr-23 22:01:27 - http://localhost:8200 "GET /v1/auth/token/lookup-self HTTP/1.1" 200 506
03-Apr-23 22:01:27 -  * Debugger is active!
03-Apr-23 22:01:27 -  * Debugger PIN: 795-099-658
03-Apr-23 22:01:29 - 127.0.0.1 - - [03/Apr/2023 22:01:29] "[32mPOST /accounts HTTP/1.1[0m" 308 -
03-Apr-23 22:01:29 - saving Account 
03-Apr-23 22:01:29 - 127.0.0.1 - - [03/Apr/2023 22:01:29] "[31m[1mPOST /accounts/ HTTP/1.1[0m" 400 -
03-Apr-23 22:02:19 - 127.0.0.1 - - [03/Apr/2023 22:02:19] "[32mPOST /accounts HTTP/1.1[0m" 308 -
03-Apr-23 22:02:19 - saving Account 
03-Apr-23 22:02:19 - 127.0.0.1 - - [03/Apr/2023 22:02:19] "[31m[1mPOST /accounts/ HTTP/1.1[0m" 400 -
03-Apr-23 22:02:20 -  * Detected change in 'C:\\Users\\a.aitbenha\\Desktop\\TRABO\\trueSignal\\code\\Tsignal\\app\\entities\\entity.py', reloading
03-Apr-23 22:02:20 -  * Restarting with stat
03-Apr-23 22:02:21 - Starting new HTTP connection (1): localhost:8200
03-Apr-23 22:02:21 - http://localhost:8200 "GET /v1/auth/token/lookup-self HTTP/1.1" 200 506
03-Apr-23 22:02:21 -  * Debugger is active!
03-Apr-23 22:02:21 -  * Debugger PIN: 795-099-658
03-Apr-23 22:03:08 -  * Detected change in 'C:\\Users\\a.aitbenha\\Desktop\\TRABO\\trueSignal\\code\\Tsignal\\app\\entities\\entity.py', reloading
03-Apr-23 22:03:08 -  * Restarting with stat
03-Apr-23 22:03:10 - Starting new HTTP connection (1): localhost:8200
03-Apr-23 22:03:10 - http://localhost:8200 "GET /v1/auth/token/lookup-self HTTP/1.1" 200 506
03-Apr-23 22:03:10 -  * Debugger is active!
03-Apr-23 22:03:10 -  * Debugger PIN: 795-099-658
03-Apr-23 22:03:12 - 127.0.0.1 - - [03/Apr/2023 22:03:12] "[32mPOST /accounts HTTP/1.1[0m" 308 -
03-Apr-23 22:03:12 - saving Account 
03-Apr-23 22:03:12 - 127.0.0.1 - - [03/Apr/2023 22:03:12] "[31m[1mPOST /accounts/ HTTP/1.1[0m" 400 -
03-Apr-23 22:06:38 -  * Detected change in 'C:\\Users\\a.aitbenha\\Desktop\\TRABO\\trueSignal\\code\\Tsignal\\app\\entities\\entity.py', reloading
03-Apr-23 22:06:38 -  * Restarting with stat
03-Apr-23 22:06:40 - Starting new HTTP connection (1): localhost:8200
03-Apr-23 22:06:40 - http://localhost:8200 "GET /v1/auth/token/lookup-self HTTP/1.1" 200 506
03-Apr-23 22:06:40 -  * Debugger is active!
03-Apr-23 22:06:40 -  * Debugger PIN: 795-099-658
03-Apr-23 22:08:46 -  * Detected change in 'C:\\Users\\a.aitbenha\\Desktop\\TRABO\\trueSignal\\code\\Tsignal\\app\\models\\model.py', reloading
03-Apr-23 22:08:46 -  * Restarting with stat
03-Apr-23 22:38:05 - Starting new HTTP connection (1): localhost:8200
03-Apr-23 22:41:18 - Starting new HTTP connection (1): localhost:8200
03-Apr-23 22:41:18 - http://localhost:8200 "GET /v1/auth/token/lookup-self HTTP/1.1" 200 506
03-Apr-23 22:41:18 - [31m[1mWARNING: This is a development server. Do not use it in a production deployment. Use a production WSGI server instead.[0m
 * Running on all addresses (0.0.0.0)
 * Running on http://127.0.0.1:5656
 * Running on http://192.168.8.103:5656
03-Apr-23 22:41:18 - [33mPress CTRL+C to quit[0m
03-Apr-23 22:41:18 -  * Restarting with stat
03-Apr-23 22:41:20 - Starting new HTTP connection (1): localhost:8200
03-Apr-23 22:41:20 - http://localhost:8200 "GET /v1/auth/token/lookup-self HTTP/1.1" 200 506
03-Apr-23 22:41:20 -  * Debugger is active!
03-Apr-23 22:41:20 -  * Debugger PIN: 795-099-658
03-Apr-23 22:42:45 - Starting new HTTP connection (1): localhost:8200
03-Apr-23 22:42:45 - http://localhost:8200 "GET /v1/auth/token/lookup-self HTTP/1.1" 200 506
03-Apr-23 22:42:45 - [31m[1mWARNING: This is a development server. Do not use it in a production deployment. Use a production WSGI server instead.[0m
 * Running on all addresses (0.0.0.0)
 * Running on http://127.0.0.1:5656
 * Running on http://192.168.8.103:5656
03-Apr-23 22:42:45 - [33mPress CTRL+C to quit[0m
03-Apr-23 22:42:45 -  * Restarting with stat
03-Apr-23 22:42:47 - Starting new HTTP connection (1): localhost:8200
03-Apr-23 22:42:47 - http://localhost:8200 "GET /v1/auth/token/lookup-self HTTP/1.1" 200 506
03-Apr-23 22:42:47 -  * Debugger is active!
03-Apr-23 22:42:47 -  * Debugger PIN: 795-099-658
03-Apr-23 22:42:50 - 127.0.0.1 - - [03/Apr/2023 22:42:50] "[32mPOST /accounts HTTP/1.1[0m" 308 -
03-Apr-23 22:42:50 - saving Account 
03-Apr-23 22:42:50 - 127.0.0.1 - - [03/Apr/2023 22:42:50] "[31m[1mPOST /accounts/ HTTP/1.1[0m" 400 -
03-Apr-23 22:44:44 -  * Detected change in 'C:\\Users\\a.aitbenha\\Desktop\\TRABO\\trueSignal\\code\\Tsignal\\app\\gate_ways\\account\\sqlalchimyRepo.py', reloading
03-Apr-23 22:44:44 -  * Restarting with stat
03-Apr-23 22:44:46 - Starting new HTTP connection (1): localhost:8200
03-Apr-23 22:44:46 - http://localhost:8200 "GET /v1/auth/token/lookup-self HTTP/1.1" 200 506
03-Apr-23 22:44:46 -  * Debugger is active!
03-Apr-23 22:44:46 -  * Debugger PIN: 795-099-658
03-Apr-23 22:44:50 -  * Detected change in 'C:\\Users\\a.aitbenha\\Desktop\\TRABO\\trueSignal\\code\\Tsignal\\app\\models\\model.py', reloading
03-Apr-23 22:44:51 -  * Restarting with stat
03-Apr-23 22:44:53 - Starting new HTTP connection (1): localhost:8200
03-Apr-23 22:44:53 - http://localhost:8200 "GET /v1/auth/token/lookup-self HTTP/1.1" 200 506
03-Apr-23 22:44:53 -  * Debugger is active!
03-Apr-23 22:44:53 -  * Debugger PIN: 795-099-658
03-Apr-23 22:45:18 -  * Detected change in 'C:\\Users\\a.aitbenha\\Desktop\\TRABO\\trueSignal\\code\\Tsignal\\app\\use_cases\\account\\save.py', reloading
03-Apr-23 22:45:18 -  * Restarting with stat
03-Apr-23 22:45:20 - Starting new HTTP connection (1): localhost:8200
03-Apr-23 22:45:20 - http://localhost:8200 "GET /v1/auth/token/lookup-self HTTP/1.1" 200 506
03-Apr-23 22:45:20 -  * Debugger is active!
03-Apr-23 22:45:20 -  * Debugger PIN: 795-099-658
03-Apr-23 22:45:41 -  * Detected change in 'C:\\Users\\a.aitbenha\\Desktop\\TRABO\\trueSignal\\code\\Tsignal\\app\\use_cases\\account\\save.py', reloading
03-Apr-23 22:45:41 -  * Restarting with stat
03-Apr-23 22:45:43 - Starting new HTTP connection (1): localhost:8200
03-Apr-23 22:45:43 - http://localhost:8200 "GET /v1/auth/token/lookup-self HTTP/1.1" 200 506
03-Apr-23 22:45:43 -  * Debugger is active!
03-Apr-23 22:45:43 -  * Debugger PIN: 795-099-658
03-Apr-23 22:45:52 -  * Detected change in 'C:\\Users\\a.aitbenha\\Desktop\\TRABO\\trueSignal\\code\\Tsignal\\app\\gate_ways\\account\\sqlalchimyRepo.py', reloading
03-Apr-23 22:45:53 -  * Restarting with stat
03-Apr-23 22:45:55 - Starting new HTTP connection (1): localhost:8200
03-Apr-23 22:45:55 - http://localhost:8200 "GET /v1/auth/token/lookup-self HTTP/1.1" 200 506
03-Apr-23 22:45:55 -  * Debugger is active!
03-Apr-23 22:45:55 -  * Debugger PIN: 795-099-658
03-Apr-23 22:45:58 - 127.0.0.1 - - [03/Apr/2023 22:45:58] "[32mPOST /accounts HTTP/1.1[0m" 308 -
03-Apr-23 22:45:58 - saving Account 
03-Apr-23 22:45:58 - 127.0.0.1 - - [03/Apr/2023 22:45:58] "[31m[1mPOST /accounts/ HTTP/1.1[0m" 400 -
03-Apr-23 22:48:06 -  * Detected change in 'C:\\Users\\a.aitbenha\\Desktop\\TRABO\\trueSignal\\code\\Tsignal\\app\\forms\\account\\saveAccountForm.py', reloading
03-Apr-23 22:48:06 -  * Restarting with stat
03-Apr-23 22:48:08 - Starting new HTTP connection (1): localhost:8200
03-Apr-23 22:48:08 - http://localhost:8200 "GET /v1/auth/token/lookup-self HTTP/1.1" 200 506
03-Apr-23 22:48:08 -  * Debugger is active!
03-Apr-23 22:48:08 -  * Debugger PIN: 795-099-658
03-Apr-23 22:52:16 -  * Detected change in 'C:\\Users\\a.aitbenha\\Desktop\\TRABO\\trueSignal\\code\\Tsignal\\app\\models\\model.py', reloading
03-Apr-23 22:52:16 -  * Restarting with stat
03-Apr-23 22:52:19 - Starting new HTTP connection (1): localhost:8200
03-Apr-23 22:52:19 - http://localhost:8200 "GET /v1/auth/token/lookup-self HTTP/1.1" 200 506
03-Apr-23 22:52:19 -  * Debugger is active!
03-Apr-23 22:52:19 -  * Debugger PIN: 795-099-658
03-Apr-23 22:53:00 -  * Detected change in 'C:\\Users\\a.aitbenha\\Desktop\\TRABO\\trueSignal\\code\\Tsignal\\app\\models\\model.py', reloading
03-Apr-23 22:53:00 -  * Restarting with stat
03-Apr-23 22:53:02 - Starting new HTTP connection (1): localhost:8200
03-Apr-23 22:53:02 - http://localhost:8200 "GET /v1/auth/token/lookup-self HTTP/1.1" 200 506
03-Apr-23 22:53:02 -  * Debugger is active!
03-Apr-23 22:53:02 -  * Debugger PIN: 795-099-658
03-Apr-23 22:53:06 - 127.0.0.1 - - [03/Apr/2023 22:53:06] "[32mPOST /accounts HTTP/1.1[0m" 308 -
03-Apr-23 22:53:06 - saving Account 
03-Apr-23 22:53:06 - 127.0.0.1 - - [03/Apr/2023 22:53:06] "POST /accounts/ HTTP/1.1" 200 -
03-Apr-23 23:17:26 -  * Detected change in 'C:\\Users\\a.aitbenha\\Desktop\\TRABO\\trueSignal\\code\\Tsignal\\app\\gate_ways\\account\\secretsManager.py', reloading
03-Apr-23 23:17:27 -  * Restarting with stat
03-Apr-23 23:17:29 - Starting new HTTP connection (1): localhost:8200
03-Apr-23 23:17:29 - http://localhost:8200 "GET /v1/auth/token/lookup-self HTTP/1.1" 200 506
03-Apr-23 23:17:30 -  * Debugger is active!
03-Apr-23 23:17:30 -  * Debugger PIN: 795-099-658
03-Apr-23 23:20:14 -  * Detected change in 'C:\\Users\\a.aitbenha\\Desktop\\TRABO\\trueSignal\\code\\Tsignal\\app\\use_cases\\account\\save.py', reloading
03-Apr-23 23:20:14 -  * Restarting with stat
03-Apr-23 23:20:15 - Starting new HTTP connection (1): localhost:8200
03-Apr-23 23:20:16 - http://localhost:8200 "GET /v1/auth/token/lookup-self HTTP/1.1" 200 506
03-Apr-23 23:20:16 - Starting new HTTP connection (1): localhost:8200
03-Apr-23 23:20:16 - http://localhost:8200 "GET /v1/auth/token/lookup-self HTTP/1.1" 200 506
03-Apr-23 23:20:16 -  * Debugger is active!
03-Apr-23 23:20:16 -  * Debugger PIN: 795-099-658
03-Apr-23 23:20:48 - 127.0.0.1 - - [03/Apr/2023 23:20:48] "[32mPOST /accounts HTTP/1.1[0m" 308 -
03-Apr-23 23:20:48 - saving Account 
03-Apr-23 23:20:48 - http://localhost:8200 "POST /v1/secret/data/80d788a6-22cd-4a5e-8310-bc6055cddce8 HTTP/1.1" 200 254
03-Apr-23 23:20:49 - 127.0.0.1 - - [03/Apr/2023 23:20:49] "POST /accounts/ HTTP/1.1" 200 -
03-Apr-23 23:24:28 - 127.0.0.1 - - [03/Apr/2023 23:24:28] "[35m[1mDELETE /accounts/f27b0a27-7bce-434e-82b4-61f1e428e140 HTTP/1.1[0m" 500 -
03-Apr-23 23:25:22 -  * Detected change in 'C:\\Users\\a.aitbenha\\Desktop\\TRABO\\trueSignal\\code\\Tsignal\\app\\entities\\entity.py', reloading
03-Apr-23 23:25:22 -  * Restarting with stat
03-Apr-23 23:25:25 - Starting new HTTP connection (1): localhost:8200
03-Apr-23 23:25:25 - http://localhost:8200 "GET /v1/auth/token/lookup-self HTTP/1.1" 200 506
03-Apr-23 23:25:25 - Starting new HTTP connection (1): localhost:8200
03-Apr-23 23:25:25 - http://localhost:8200 "GET /v1/auth/token/lookup-self HTTP/1.1" 200 506
03-Apr-23 23:25:25 -  * Debugger is active!
03-Apr-23 23:25:25 -  * Debugger PIN: 795-099-658
03-Apr-23 23:25:45 -  * Detected change in 'C:\\Users\\a.aitbenha\\Desktop\\TRABO\\trueSignal\\code\\Tsignal\\app\\entities\\entity.py', reloading
03-Apr-23 23:25:45 -  * Restarting with stat
03-Apr-23 23:25:46 - Starting new HTTP connection (1): localhost:8200
03-Apr-23 23:25:46 - http://localhost:8200 "GET /v1/auth/token/lookup-self HTTP/1.1" 200 506
03-Apr-23 23:25:46 - Starting new HTTP connection (1): localhost:8200
03-Apr-23 23:25:46 - http://localhost:8200 "GET /v1/auth/token/lookup-self HTTP/1.1" 200 506
03-Apr-23 23:25:47 -  * Debugger is active!
03-Apr-23 23:25:47 -  * Debugger PIN: 795-099-658
03-Apr-23 23:25:52 - Starting new HTTP connection (1): localhost:8200
03-Apr-23 23:25:52 - http://localhost:8200 "GET /v1/auth/token/lookup-self HTTP/1.1" 200 506
03-Apr-23 23:25:52 - Starting new HTTP connection (1): localhost:8200
03-Apr-23 23:25:52 - http://localhost:8200 "GET /v1/auth/token/lookup-self HTTP/1.1" 200 506
03-Apr-23 23:25:52 - [31m[1mWARNING: This is a development server. Do not use it in a production deployment. Use a production WSGI server instead.[0m
 * Running on all addresses (0.0.0.0)
 * Running on http://127.0.0.1:5656
 * Running on http://192.168.8.103:5656
03-Apr-23 23:25:52 - [33mPress CTRL+C to quit[0m
03-Apr-23 23:25:52 -  * Restarting with stat
03-Apr-23 23:25:54 - Starting new HTTP connection (1): localhost:8200
03-Apr-23 23:25:54 - http://localhost:8200 "GET /v1/auth/token/lookup-self HTTP/1.1" 200 506
03-Apr-23 23:25:54 - Starting new HTTP connection (1): localhost:8200
03-Apr-23 23:25:54 - http://localhost:8200 "GET /v1/auth/token/lookup-self HTTP/1.1" 200 506
03-Apr-23 23:25:54 -  * Debugger is active!
03-Apr-23 23:25:54 -  * Debugger PIN: 795-099-658
03-Apr-23 23:25:56 - 127.0.0.1 - - [03/Apr/2023 23:25:56] "[35m[1mDELETE /accounts/f27b0a27-7bce-434e-82b4-61f1e428e140 HTTP/1.1[0m" 500 -
03-Apr-23 23:31:54 - 127.0.0.1 - - [03/Apr/2023 23:31:54] "[32mPOST /users HTTP/1.1[0m" 308 -
03-Apr-23 23:31:54 - saving User anass anass
03-Apr-23 23:31:54 - 127.0.0.1 - - [03/Apr/2023 23:31:54] "[31m[1mPOST /users/ HTTP/1.1[0m" 400 -
03-Apr-23 23:34:14 -  * Detected change in 'C:\\Users\\a.aitbenha\\Desktop\\TRABO\\trueSignal\\code\\Tsignal\\app\\models\\model.py', reloading
03-Apr-23 23:34:14 -  * Restarting with stat
03-Apr-23 23:34:17 - Starting new HTTP connection (1): localhost:8200
03-Apr-23 23:34:17 - http://localhost:8200 "GET /v1/auth/token/lookup-self HTTP/1.1" 200 506
03-Apr-23 23:34:17 - Starting new HTTP connection (1): localhost:8200
03-Apr-23 23:34:17 - http://localhost:8200 "GET /v1/auth/token/lookup-self HTTP/1.1" 200 506
03-Apr-23 23:34:17 -  * Debugger is active!
03-Apr-23 23:34:17 -  * Debugger PIN: 795-099-658
03-Apr-23 23:35:28 - 127.0.0.1 - - [03/Apr/2023 23:35:28] "[31m[1mGET /users/ed14ce00-090a-489a-b372-2e47cf7c2468 HTTP/1.1[0m" 400 -
03-Apr-23 23:36:49 -  * Detected change in 'C:\\Users\\a.aitbenha\\Desktop\\TRABO\\trueSignal\\code\\Tsignal\\app\\controllers\\userController.py', reloading
03-Apr-23 23:36:49 -  * Restarting with stat
03-Apr-23 23:36:52 - Starting new HTTP connection (1): localhost:8200
03-Apr-23 23:36:52 - http://localhost:8200 "GET /v1/auth/token/lookup-self HTTP/1.1" 200 506
03-Apr-23 23:36:52 - Starting new HTTP connection (1): localhost:8200
03-Apr-23 23:36:52 - http://localhost:8200 "GET /v1/auth/token/lookup-self HTTP/1.1" 200 506
03-Apr-23 23:36:52 -  * Debugger is active!
03-Apr-23 23:36:52 -  * Debugger PIN: 795-099-658
03-Apr-23 23:36:54 - 127.0.0.1 - - [03/Apr/2023 23:36:54] "[31m[1mGET /users/ed14ce00-090a-489a-b372-2e47cf7c2468 HTTP/1.1[0m" 400 -
03-Apr-23 23:37:02 -  * Detected change in 'C:\\Users\\a.aitbenha\\Desktop\\TRABO\\trueSignal\\code\\Tsignal\\app\\controllers\\userController.py', reloading
03-Apr-23 23:37:03 -  * Restarting with stat
03-Apr-23 23:37:05 - Starting new HTTP connection (1): localhost:8200
03-Apr-23 23:37:05 - http://localhost:8200 "GET /v1/auth/token/lookup-self HTTP/1.1" 200 506
03-Apr-23 23:37:05 - Starting new HTTP connection (1): localhost:8200
03-Apr-23 23:37:05 - http://localhost:8200 "GET /v1/auth/token/lookup-self HTTP/1.1" 200 506
03-Apr-23 23:37:05 -  * Debugger is active!
03-Apr-23 23:37:05 -  * Debugger PIN: 795-099-658
03-Apr-23 23:37:36 -  * Detected change in 'C:\\Users\\a.aitbenha\\Desktop\\TRABO\\trueSignal\\code\\Tsignal\\app\\controllers\\userController.py', reloading
03-Apr-23 23:37:36 -  * Restarting with stat
03-Apr-23 23:37:38 - Starting new HTTP connection (1): localhost:8200
03-Apr-23 23:37:38 - http://localhost:8200 "GET /v1/auth/token/lookup-self HTTP/1.1" 200 506
03-Apr-23 23:37:38 - Starting new HTTP connection (1): localhost:8200
03-Apr-23 23:37:38 - http://localhost:8200 "GET /v1/auth/token/lookup-self HTTP/1.1" 200 506
03-Apr-23 23:37:38 -  * Debugger is active!
03-Apr-23 23:37:38 -  * Debugger PIN: 795-099-658
03-Apr-23 23:37:40 - 127.0.0.1 - - [03/Apr/2023 23:37:40] "[35m[1mGET /users/ed14ce00-090a-489a-b372-2e47cf7c2468 HTTP/1.1[0m" 500 -
03-Apr-23 23:38:15 -  * Detected change in 'C:\\Users\\a.aitbenha\\Desktop\\TRABO\\trueSignal\\code\\Tsignal\\app\\use_cases\\user\\inputs\\getOneInput.py', reloading
03-Apr-23 23:38:15 -  * Restarting with stat
03-Apr-23 23:38:17 - Starting new HTTP connection (1): localhost:8200
03-Apr-23 23:38:17 - http://localhost:8200 "GET /v1/auth/token/lookup-self HTTP/1.1" 200 506
03-Apr-23 23:38:17 - Starting new HTTP connection (1): localhost:8200
03-Apr-23 23:38:17 - http://localhost:8200 "GET /v1/auth/token/lookup-self HTTP/1.1" 200 506
03-Apr-23 23:38:17 -  * Debugger is active!
03-Apr-23 23:38:17 -  * Debugger PIN: 795-099-658
03-Apr-23 23:41:07 -  * Detected change in 'C:\\Users\\a.aitbenha\\Desktop\\TRABO\\trueSignal\\code\\Tsignal\\app\\use_cases\\user\\inputs\\getOneInput.py', reloading
03-Apr-23 23:41:07 -  * Restarting with stat
03-Apr-23 23:41:09 - Starting new HTTP connection (1): localhost:8200
03-Apr-23 23:41:09 - http://localhost:8200 "GET /v1/auth/token/lookup-self HTTP/1.1" 200 506
03-Apr-23 23:41:10 - Starting new HTTP connection (1): localhost:8200
03-Apr-23 23:41:10 - http://localhost:8200 "GET /v1/auth/token/lookup-self HTTP/1.1" 200 506
03-Apr-23 23:41:10 -  * Debugger is active!
03-Apr-23 23:41:10 -  * Debugger PIN: 795-099-658
03-Apr-23 23:41:26 -  * Detected change in 'C:\\Users\\a.aitbenha\\Desktop\\TRABO\\trueSignal\\code\\Tsignal\\app\\controllers\\userController.py', reloading
03-Apr-23 23:41:26 -  * Restarting with stat
03-Apr-23 23:41:28 - Starting new HTTP connection (1): localhost:8200
03-Apr-23 23:41:28 - http://localhost:8200 "GET /v1/auth/token/lookup-self HTTP/1.1" 200 506
03-Apr-23 23:41:28 - Starting new HTTP connection (1): localhost:8200
03-Apr-23 23:41:29 - http://localhost:8200 "GET /v1/auth/token/lookup-self HTTP/1.1" 200 506
03-Apr-23 23:41:29 -  * Debugger is active!
03-Apr-23 23:41:29 -  * Debugger PIN: 795-099-658
03-Apr-23 23:41:31 - 127.0.0.1 - - [03/Apr/2023 23:41:31] "[31m[1mGET /users/ed14ce00-090a-489a-b372-2e47cf7c2468 HTTP/1.1[0m" 400 -
03-Apr-23 23:42:43 - 127.0.0.1 - - [03/Apr/2023 23:42:43] "[31m[1mGET /users/ed14ce00-090a-489a-b372-2e47cf7c2468 HTTP/1.1[0m" 400 -
03-Apr-23 23:42:43 -  * Detected change in 'C:\\Users\\a.aitbenha\\Desktop\\TRABO\\trueSignal\\code\\Tsignal\\app\\controllers\\userController.py', reloading
03-Apr-23 23:42:43 -  * Restarting with stat
03-Apr-23 23:42:45 - Starting new HTTP connection (1): localhost:8200
03-Apr-23 23:42:45 - http://localhost:8200 "GET /v1/auth/token/lookup-self HTTP/1.1" 200 506
03-Apr-23 23:42:45 - Starting new HTTP connection (1): localhost:8200
03-Apr-23 23:42:45 - http://localhost:8200 "GET /v1/auth/token/lookup-self HTTP/1.1" 200 506
03-Apr-23 23:42:45 -  * Debugger is active!
03-Apr-23 23:42:45 -  * Debugger PIN: 795-099-658
03-Apr-23 23:43:05 - 127.0.0.1 - - [03/Apr/2023 23:43:05] "[35m[1mGET /users/ed14ce00-090a-489a-b372-2e47cf7c2468 HTTP/1.1[0m" 500 -
03-Apr-23 23:43:05 -  * Detected change in 'C:\\Users\\a.aitbenha\\Desktop\\TRABO\\trueSignal\\code\\Tsignal\\app\\controllers\\userController.py', reloading
03-Apr-23 23:43:06 -  * Restarting with stat
03-Apr-23 23:43:08 - Starting new HTTP connection (1): localhost:8200
03-Apr-23 23:43:08 - http://localhost:8200 "GET /v1/auth/token/lookup-self HTTP/1.1" 200 506
03-Apr-23 23:43:08 - Starting new HTTP connection (1): localhost:8200
03-Apr-23 23:43:08 - http://localhost:8200 "GET /v1/auth/token/lookup-self HTTP/1.1" 200 506
03-Apr-23 23:43:08 -  * Debugger is active!
03-Apr-23 23:43:08 -  * Debugger PIN: 795-099-658
03-Apr-23 23:44:28 -  * Detected change in 'C:\\Users\\a.aitbenha\\Desktop\\TRABO\\trueSignal\\code\\Tsignal\\app\\controllers\\userController.py', reloading
03-Apr-23 23:44:29 -  * Restarting with stat
03-Apr-23 23:44:31 - Starting new HTTP connection (1): localhost:8200
03-Apr-23 23:44:31 - http://localhost:8200 "GET /v1/auth/token/lookup-self HTTP/1.1" 200 506
03-Apr-23 23:44:31 - Starting new HTTP connection (1): localhost:8200
03-Apr-23 23:44:31 - http://localhost:8200 "GET /v1/auth/token/lookup-self HTTP/1.1" 200 506
03-Apr-23 23:44:31 -  * Debugger is active!
03-Apr-23 23:44:31 -  * Debugger PIN: 795-099-658
03-Apr-23 23:44:39 -  * Detected change in 'C:\\Users\\a.aitbenha\\Desktop\\TRABO\\trueSignal\\code\\Tsignal\\app\\controllers\\userController.py', reloading
03-Apr-23 23:44:39 -  * Restarting with stat
03-Apr-23 23:44:41 - Starting new HTTP connection (1): localhost:8200
03-Apr-23 23:44:41 - http://localhost:8200 "GET /v1/auth/token/lookup-self HTTP/1.1" 200 506
03-Apr-23 23:44:41 - Starting new HTTP connection (1): localhost:8200
03-Apr-23 23:44:41 - http://localhost:8200 "GET /v1/auth/token/lookup-self HTTP/1.1" 200 506
03-Apr-23 23:44:41 -  * Debugger is active!
03-Apr-23 23:44:41 -  * Debugger PIN: 795-099-658
03-Apr-23 23:44:44 - 127.0.0.1 - - [03/Apr/2023 23:44:44] "GET /users/ed14ce00-090a-489a-b372-2e47cf7c2468 HTTP/1.1" 200 -
03-Apr-23 23:45:06 -  * Detected change in 'C:\\Users\\a.aitbenha\\Desktop\\TRABO\\trueSignal\\code\\Tsignal\\app\\controllers\\userController.py', reloading
03-Apr-23 23:45:06 -  * Restarting with stat
03-Apr-23 23:45:08 - Starting new HTTP connection (1): localhost:8200
03-Apr-23 23:45:08 - http://localhost:8200 "GET /v1/auth/token/lookup-self HTTP/1.1" 200 506
03-Apr-23 23:45:08 - Starting new HTTP connection (1): localhost:8200
03-Apr-23 23:45:08 - http://localhost:8200 "GET /v1/auth/token/lookup-self HTTP/1.1" 200 506
03-Apr-23 23:45:08 -  * Debugger is active!
03-Apr-23 23:45:08 -  * Debugger PIN: 795-099-658
03-Apr-23 23:45:11 - 127.0.0.1 - - [03/Apr/2023 23:45:11] "GET /users/ed14ce00-090a-489a-b372-2e47cf7c2468 HTTP/1.1" 200 -
03-Apr-23 23:47:34 - 127.0.0.1 - - [03/Apr/2023 23:47:34] "[31m[1mDELETE /users/ed14ce00-090a-489a-b372-2e47cf7c2468 HTTP/1.1[0m" 400 -
03-Apr-23 23:47:41 - 127.0.0.1 - - [03/Apr/2023 23:47:41] "GET /users/ed14ce00-090a-489a-b372-2e47cf7c2468 HTTP/1.1" 200 -
03-Apr-23 23:47:53 - 127.0.0.1 - - [03/Apr/2023 23:47:53] "[31m[1mDELETE /users/ed14ce00-090a-489a-b372-2e47cf7c2468 HTTP/1.1[0m" 400 -
03-Apr-23 23:50:13 -  * Detected change in 'C:\\Users\\a.aitbenha\\Desktop\\TRABO\\trueSignal\\code\\Tsignal\\app\\gate_ways\\user\\sqlalchimyRepo.py', reloading
03-Apr-23 23:50:13 -  * Restarting with stat
03-Apr-23 23:50:15 - Starting new HTTP connection (1): localhost:8200
03-Apr-23 23:50:15 - http://localhost:8200 "GET /v1/auth/token/lookup-self HTTP/1.1" 200 506
03-Apr-23 23:50:15 - Starting new HTTP connection (1): localhost:8200
03-Apr-23 23:50:15 - http://localhost:8200 "GET /v1/auth/token/lookup-self HTTP/1.1" 200 506
03-Apr-23 23:50:15 -  * Debugger is active!
03-Apr-23 23:50:15 -  * Debugger PIN: 795-099-658
03-Apr-23 23:50:33 - 127.0.0.1 - - [03/Apr/2023 23:50:33] "[31m[1mDELETE /users/ed14ce00-090a-489a-b372-2e47cf7c2468 HTTP/1.1[0m" 400 -
03-Apr-23 23:50:34 -  * Detected change in 'C:\\Users\\a.aitbenha\\Desktop\\TRABO\\trueSignal\\code\\Tsignal\\app\\controllers\\userController.py', reloading
03-Apr-23 23:50:35 -  * Restarting with stat
03-Apr-23 23:50:36 - Starting new HTTP connection (1): localhost:8200
03-Apr-23 23:50:36 - http://localhost:8200 "GET /v1/auth/token/lookup-self HTTP/1.1" 200 506
03-Apr-23 23:50:36 - Starting new HTTP connection (1): localhost:8200
03-Apr-23 23:50:36 - http://localhost:8200 "GET /v1/auth/token/lookup-self HTTP/1.1" 200 506
03-Apr-23 23:50:36 -  * Debugger is active!
03-Apr-23 23:50:36 -  * Debugger PIN: 795-099-658
03-Apr-23 23:50:51 -  * Detected change in 'C:\\Users\\a.aitbenha\\Desktop\\TRABO\\trueSignal\\code\\Tsignal\\app\\controllers\\userController.py', reloading
03-Apr-23 23:50:51 -  * Restarting with stat
03-Apr-23 23:50:53 - Starting new HTTP connection (1): localhost:8200
03-Apr-23 23:50:53 - http://localhost:8200 "GET /v1/auth/token/lookup-self HTTP/1.1" 200 506
03-Apr-23 23:50:53 - Starting new HTTP connection (1): localhost:8200
03-Apr-23 23:50:53 - http://localhost:8200 "GET /v1/auth/token/lookup-self HTTP/1.1" 200 506
03-Apr-23 23:50:53 -  * Debugger is active!
03-Apr-23 23:50:53 -  * Debugger PIN: 795-099-658
03-Apr-23 23:50:55 - 127.0.0.1 - - [03/Apr/2023 23:50:55] "[35m[1mDELETE /users/ed14ce00-090a-489a-b372-2e47cf7c2468 HTTP/1.1[0m" 500 -
03-Apr-23 23:51:20 -  * Detected change in 'C:\\Users\\a.aitbenha\\Desktop\\TRABO\\trueSignal\\code\\Tsignal\\app\\gate_ways\\user\\sqlalchimyRepo.py', reloading
03-Apr-23 23:51:20 -  * Restarting with stat
03-Apr-23 23:51:22 - Starting new HTTP connection (1): localhost:8200
03-Apr-23 23:51:22 - http://localhost:8200 "GET /v1/auth/token/lookup-self HTTP/1.1" 200 506
03-Apr-23 23:51:22 - Starting new HTTP connection (1): localhost:8200
03-Apr-23 23:51:22 - http://localhost:8200 "GET /v1/auth/token/lookup-self HTTP/1.1" 200 506
03-Apr-23 23:51:22 -  * Debugger is active!
03-Apr-23 23:51:22 -  * Debugger PIN: 795-099-658
03-Apr-23 23:51:25 - 127.0.0.1 - - [03/Apr/2023 23:51:25] "[35m[1mDELETE /users/ed14ce00-090a-489a-b372-2e47cf7c2468 HTTP/1.1[0m" 500 -
03-Apr-23 23:59:57 -  * Detected change in 'C:\\Users\\a.aitbenha\\Desktop\\TRABO\\trueSignal\\code\\Tsignal\\app\\use_cases\\account\\delete.py', reloading
03-Apr-23 23:59:57 -  * Restarting with stat
03-Apr-23 23:59:59 - Starting new HTTP connection (1): localhost:8200
03-Apr-23 23:59:59 - http://localhost:8200 "GET /v1/auth/token/lookup-self HTTP/1.1" 200 506
03-Apr-23 23:59:59 - Starting new HTTP connection (1): localhost:8200
03-Apr-23 23:59:59 - http://localhost:8200 "GET /v1/auth/token/lookup-self HTTP/1.1" 200 506
03-Apr-23 23:59:59 -  * Debugger is active!
03-Apr-23 23:59:59 -  * Debugger PIN: 795-099-658
04-Apr-23 00:00:02 - 127.0.0.1 - - [04/Apr/2023 00:00:02] "[35m[1mDELETE /users/ed14ce00-090a-489a-b372-2e47cf7c2468 HTTP/1.1[0m" 500 -
04-Apr-23 00:00:13 - 127.0.0.1 - - [04/Apr/2023 00:00:13] "[35m[1mDELETE /accounts/f27b0a27-7bce-434e-82b4-61f1e428e140 HTTP/1.1[0m" 500 -
04-Apr-23 00:00:32 - 127.0.0.1 - - [04/Apr/2023 00:00:32] "[35m[1mDELETE /accounts/f27b0a27-7bce-434e-82b4-61f1e428e140 HTTP/1.1[0m" 500 -
04-Apr-23 00:01:13 -  * Detected change in 'C:\\Users\\a.aitbenha\\Desktop\\TRABO\\trueSignal\\code\\Tsignal\\app\\gate_ways\\account\\sqlalchimyRepo.py', reloading
04-Apr-23 00:01:13 -  * Restarting with stat
04-Apr-23 00:01:15 - Starting new HTTP connection (1): localhost:8200
04-Apr-23 00:01:15 - http://localhost:8200 "GET /v1/auth/token/lookup-self HTTP/1.1" 200 506
04-Apr-23 00:01:15 - Starting new HTTP connection (1): localhost:8200
04-Apr-23 00:01:15 - http://localhost:8200 "GET /v1/auth/token/lookup-self HTTP/1.1" 200 506
04-Apr-23 00:01:15 -  * Debugger is active!
04-Apr-23 00:01:15 -  * Debugger PIN: 795-099-658
04-Apr-23 00:01:18 - 127.0.0.1 - - [04/Apr/2023 00:01:18] "[35m[1mDELETE /accounts/f27b0a27-7bce-434e-82b4-61f1e428e140 HTTP/1.1[0m" 500 -
04-Apr-23 00:04:29 - 127.0.0.1 - - [04/Apr/2023 00:04:29] "[31m[1mGET /accounts/f27b0a27-7bce-434e-82b4-61f1e428e140 HTTP/1.1[0m" 400 -
04-Apr-23 00:05:27 -  * Detected change in 'C:\\Users\\a.aitbenha\\Desktop\\TRABO\\trueSignal\\code\\Tsignal\\app\\controllers\\accountController.py', reloading
04-Apr-23 00:05:27 -  * Restarting with stat
04-Apr-23 00:05:29 - Starting new HTTP connection (1): localhost:8200
04-Apr-23 00:05:29 - http://localhost:8200 "GET /v1/auth/token/lookup-self HTTP/1.1" 200 506
04-Apr-23 00:05:29 - Starting new HTTP connection (1): localhost:8200
04-Apr-23 00:05:29 - http://localhost:8200 "GET /v1/auth/token/lookup-self HTTP/1.1" 200 506
04-Apr-23 00:05:29 -  * Debugger is active!
04-Apr-23 00:05:29 -  * Debugger PIN: 795-099-658
04-Apr-23 00:05:32 - 127.0.0.1 - - [04/Apr/2023 00:05:32] "GET /accounts/f27b0a27-7bce-434e-82b4-61f1e428e140 HTTP/1.1" 200 -
04-Apr-23 00:05:56 -  * Detected change in 'C:\\Users\\a.aitbenha\\Desktop\\TRABO\\trueSignal\\code\\Tsignal\\app\\controllers\\accountController.py', reloading
04-Apr-23 00:05:56 -  * Restarting with stat
04-Apr-23 00:05:59 - Starting new HTTP connection (1): localhost:8200
04-Apr-23 00:05:59 - http://localhost:8200 "GET /v1/auth/token/lookup-self HTTP/1.1" 200 506
04-Apr-23 00:05:59 - Starting new HTTP connection (1): localhost:8200
04-Apr-23 00:05:59 - http://localhost:8200 "GET /v1/auth/token/lookup-self HTTP/1.1" 200 506
04-Apr-23 00:05:59 -  * Debugger is active!
04-Apr-23 00:05:59 -  * Debugger PIN: 795-099-658
04-Apr-23 00:06:01 - 127.0.0.1 - - [04/Apr/2023 00:06:01] "GET /accounts/f27b0a27-7bce-434e-82b4-61f1e428e140 HTTP/1.1" 200 -
04-Apr-23 09:01:13 - 127.0.0.1 - - [04/Apr/2023 09:01:13] "[35m[1mDELETE /accounts/f27b0a27-7bce-434e-82b4-61f1e428e140 HTTP/1.1[0m" 500 -
04-Apr-23 09:01:18 - 127.0.0.1 - - [04/Apr/2023 09:01:18] "GET /accounts/f27b0a27-7bce-434e-82b4-61f1e428e140 HTTP/1.1" 200 -
04-Apr-23 09:02:34 -  * Detected change in 'C:\\Users\\a.aitbenha\\Desktop\\TRABO\\trueSignal\\code\\Tsignal\\app\\use_cases\\account\\delete.py', reloading
04-Apr-23 09:02:34 -  * Restarting with stat
04-Apr-23 09:02:38 - Starting new HTTP connection (1): localhost:8200
04-Apr-23 09:02:38 - http://localhost:8200 "GET /v1/auth/token/lookup-self HTTP/1.1" 200 506
04-Apr-23 09:02:38 - Starting new HTTP connection (1): localhost:8200
04-Apr-23 09:02:38 - http://localhost:8200 "GET /v1/auth/token/lookup-self HTTP/1.1" 200 506
04-Apr-23 09:02:39 -  * Debugger is active!
04-Apr-23 09:02:39 -  * Debugger PIN: 795-099-658
04-Apr-23 09:02:44 - 127.0.0.1 - - [04/Apr/2023 09:02:44] "[35m[1mDELETE /accounts/f27b0a27-7bce-434e-82b4-61f1e428e140 HTTP/1.1[0m" 500 -
04-Apr-23 09:23:55 -  * Detected change in 'C:\\Users\\a.aitbenha\\Desktop\\TRABO\\trueSignal\\code\\Tsignal\\app\\gate_ways\\account\\sqlalchimyRepo.py', reloading
04-Apr-23 09:23:55 -  * Restarting with stat
04-Apr-23 09:24:12 - Starting new HTTP connection (1): localhost:8200
04-Apr-23 09:24:12 - http://localhost:8200 "GET /v1/auth/token/lookup-self HTTP/1.1" 200 506
04-Apr-23 09:24:12 - Starting new HTTP connection (1): localhost:8200
04-Apr-23 09:24:12 - http://localhost:8200 "GET /v1/auth/token/lookup-self HTTP/1.1" 200 506
04-Apr-23 09:24:13 -  * Debugger is active!
04-Apr-23 09:24:13 -  * Debugger PIN: 795-099-658
04-Apr-23 09:24:18 - 127.0.0.1 - - [04/Apr/2023 09:24:18] "[31m[1mDELETE /accounts/f27b0a27-7bce-434e-82b4-61f1e428e140 HTTP/1.1[0m" 400 -
04-Apr-23 09:25:58 -  * Detected change in 'C:\\Users\\a.aitbenha\\Desktop\\TRABO\\trueSignal\\code\\Tsignal\\app\\gate_ways\\user\\sqlalchimyRepo.py', reloading
04-Apr-23 09:25:59 -  * Restarting with stat
04-Apr-23 09:26:02 - Starting new HTTP connection (1): localhost:8200
04-Apr-23 09:26:02 - http://localhost:8200 "GET /v1/auth/token/lookup-self HTTP/1.1" 200 506
04-Apr-23 09:26:02 - Starting new HTTP connection (1): localhost:8200
04-Apr-23 09:26:02 - http://localhost:8200 "GET /v1/auth/token/lookup-self HTTP/1.1" 200 506
04-Apr-23 09:26:02 -  * Debugger is active!
04-Apr-23 09:26:02 -  * Debugger PIN: 795-099-658
04-Apr-23 09:26:07 - 127.0.0.1 - - [04/Apr/2023 09:26:07] "[31m[1mDELETE /users/ed14ce00-090a-489a-b372-2e47cf7c2468 HTTP/1.1[0m" 400 -
04-Apr-23 09:27:05 -  * Detected change in 'C:\\Users\\a.aitbenha\\Desktop\\TRABO\\trueSignal\\code\\Tsignal\\app\\use_cases\\account\\delete.py', reloading
04-Apr-23 09:27:05 -  * Restarting with stat
