21-Mar-23 23:33:02 - [31m[1mWARNING: This is a development server. Do not use it in a production deployment. Use a production WSGI server instead.[0m
 * Running on http://localhost:5656
21-Mar-23 23:33:02 - [33mPress CTRL+C to quit[0m
21-Mar-23 23:33:23 - [31m[1mWARNING: This is a development server. Do not use it in a production deployment. Use a production WSGI server instead.[0m
 * Running on http://localhost:5656
21-Mar-23 23:33:23 - [33mPress CTRL+C to quit[0m
21-Mar-23 23:35:39 - [31m[1mWARNING: This is a development server. Do not use it in a production deployment. Use a production WSGI server instead.[0m
 * Running on http://localhost:5656
21-Mar-23 23:35:39 - [33mPress CTRL+C to quit[0m
21-Mar-23 23:51:54 - [31m[1mWARNING: This is a development server. Do not use it in a production deployment. Use a production WSGI server instead.[0m
 * Running on http://localhost:5666
21-Mar-23 23:51:54 - [33mPress CTRL+C to quit[0m
21-Mar-23 23:52:08 - 127.0.0.1 - - [21/Mar/2023 23:52:08] "GET /healthcheck HTTP/1.1" 200 -
21-Mar-23 23:52:08 - 127.0.0.1 - - [21/Mar/2023 23:52:08] "[33mGET /favicon.ico HTTP/1.1[0m" 404 -
22-Mar-23 11:38:45 - [31m[1mWARNING: This is a development server. Do not use it in a production deployment. Use a production WSGI server instead.[0m
 * Running on http://localhost:80
22-Mar-23 11:38:45 - [33mPress CTRL+C to quit[0m
22-Mar-23 11:38:45 -  * Restarting with stat
22-Mar-23 11:38:46 -  * Debugger is active!
22-Mar-23 11:38:46 -  * Debugger PIN: 795-099-658
22-Mar-23 11:40:10 - [31m[1mWARNING: This is a development server. Do not use it in a production deployment. Use a production WSGI server instead.[0m
 * Running on http://localhost:5656
22-Mar-23 11:40:10 - [33mPress CTRL+C to quit[0m
22-Mar-23 11:40:10 -  * Restarting with stat
22-Mar-23 11:40:12 -  * Debugger is active!
22-Mar-23 11:40:12 -  * Debugger PIN: 795-099-658
22-Mar-23 11:41:20 -  * Detected change in 'C:\\Users\\a.aitbenha\\Desktop\\TRABO\\trueSignal\\code\\Tsignal\\app\\app.py', reloading
22-Mar-23 11:41:20 -  * Restarting with stat
22-Mar-23 11:41:23 -  * Debugger is active!
22-Mar-23 11:41:23 -  * Debugger PIN: 795-099-658
22-Mar-23 11:41:29 -  * Detected change in 'C:\\Users\\a.aitbenha\\Desktop\\TRABO\\trueSignal\\code\\Tsignal\\app\\controllers\\healthCheckController.py', reloading
22-Mar-23 11:41:29 -  * Restarting with stat
22-Mar-23 11:41:31 -  * Debugger is active!
22-Mar-23 11:41:31 -  * Debugger PIN: 795-099-658
22-Mar-23 11:41:37 - [31m[1mWARNING: This is a development server. Do not use it in a production deployment. Use a production WSGI server instead.[0m
 * Running on http://localhost:5656
22-Mar-23 11:41:37 - [33mPress CTRL+C to quit[0m
22-Mar-23 11:41:37 -  * Restarting with stat
22-Mar-23 11:41:39 -  * Debugger is active!
22-Mar-23 11:41:39 -  * Debugger PIN: 795-099-658
22-Mar-23 11:43:12 - [31m[1mWARNING: This is a development server. Do not use it in a production deployment. Use a production WSGI server instead.[0m
 * Running on http://localhost:5656
22-Mar-23 11:43:12 - [33mPress CTRL+C to quit[0m
22-Mar-23 11:43:12 -  * Restarting with stat
22-Mar-23 11:43:14 -  * Debugger is active!
22-Mar-23 11:43:14 -  * Debugger PIN: 795-099-658
22-Mar-23 11:45:07 - [31m[1mWARNING: This is a development server. Do not use it in a production deployment. Use a production WSGI server instead.[0m
 * Running on http://localhost:5656
22-Mar-23 11:45:07 - [33mPress CTRL+C to quit[0m
22-Mar-23 11:45:07 -  * Restarting with stat
22-Mar-23 11:45:09 -  * Debugger is active!
22-Mar-23 11:45:09 -  * Debugger PIN: 795-099-658
22-Mar-23 11:45:59 -  * Detected change in 'C:\\Users\\a.aitbenha\\Desktop\\TRABO\\trueSignal\\code\\Tsignal\\app\\app.py', reloading
22-Mar-23 11:45:59 -  * Restarting with stat
22-Mar-23 11:46:02 -  * Debugger is active!
22-Mar-23 11:46:02 -  * Debugger PIN: 795-099-658
22-Mar-23 11:46:07 -  * Detected change in 'C:\\Users\\a.aitbenha\\Desktop\\TRABO\\trueSignal\\code\\Tsignal\\app\\controllers\\healthCheckController.py', reloading
22-Mar-23 11:46:07 -  * Restarting with stat
22-Mar-23 11:46:14 - [31m[1mWARNING: This is a development server. Do not use it in a production deployment. Use a production WSGI server instead.[0m
 * Running on http://localhost:5656
22-Mar-23 11:46:14 - [33mPress CTRL+C to quit[0m
22-Mar-23 11:46:14 -  * Restarting with stat
22-Mar-23 11:46:16 -  * Debugger is active!
22-Mar-23 11:46:16 -  * Debugger PIN: 795-099-658
22-Mar-23 11:55:59 - [31m[1mWARNING: This is a development server. Do not use it in a production deployment. Use a production WSGI server instead.[0m
 * Running on http://localhost:5656
22-Mar-23 11:55:59 - [33mPress CTRL+C to quit[0m
22-Mar-23 11:55:59 -  * Restarting with stat
22-Mar-23 11:56:01 -  * Debugger is active!
22-Mar-23 11:56:01 -  * Debugger PIN: 795-099-658
22-Mar-23 11:56:42 - [31m[1mWARNING: This is a development server. Do not use it in a production deployment. Use a production WSGI server instead.[0m
 * Running on http://localhost:5656
22-Mar-23 11:56:42 - [33mPress CTRL+C to quit[0m
22-Mar-23 11:56:42 -  * Restarting with stat
22-Mar-23 11:56:45 -  * Debugger is active!
22-Mar-23 11:56:45 -  * Debugger PIN: 795-099-658
22-Mar-23 11:57:14 - 127.0.0.1 - - [22/Mar/2023 11:57:14] "GET /user/test HTTP/1.1" 200 -
22-Mar-23 11:58:44 -  * Detected change in 'C:\\Users\\a.aitbenha\\Desktop\\TRABO\\trueSignal\\code\\Tsignal\\app\\app.py', reloading
22-Mar-23 11:58:44 -  * Restarting with stat
22-Mar-23 11:58:48 -  * Debugger is active!
22-Mar-23 11:58:48 -  * Debugger PIN: 795-099-658
22-Mar-23 11:58:55 -  * Detected change in 'C:\\Users\\a.aitbenha\\Desktop\\TRABO\\trueSignal\\code\\Tsignal\\app\\controllers\\userController.py', reloading
22-Mar-23 11:58:55 -  * Restarting with stat
22-Mar-23 11:58:57 -  * Debugger is active!
22-Mar-23 11:58:57 -  * Debugger PIN: 795-099-658
22-Mar-23 11:59:03 -  * Detected change in 'C:\\Users\\a.aitbenha\\Desktop\\TRABO\\trueSignal\\code\\Tsignal\\app\\controllers\\healthCheckController.py', reloading
22-Mar-23 11:59:03 -  * Restarting with stat
22-Mar-23 11:59:06 -  * Debugger is active!
22-Mar-23 11:59:06 -  * Debugger PIN: 795-099-658
22-Mar-23 11:59:23 -  * Detected change in 'C:\\Users\\a.aitbenha\\Desktop\\TRABO\\trueSignal\\code\\Tsignal\\app\\app.py', reloading
22-Mar-23 11:59:23 -  * Restarting with stat
22-Mar-23 11:59:28 -  * Debugger is active!
22-Mar-23 11:59:28 -  * Debugger PIN: 795-099-658
22-Mar-23 11:59:33 - 127.0.0.1 - - [22/Mar/2023 11:59:33] "GET /healthcheck HTTP/1.1" 200 -
22-Mar-23 12:14:44 - [31m[1mWARNING: This is a development server. Do not use it in a production deployment. Use a production WSGI server instead.[0m
 * Running on http://localhost:5656
22-Mar-23 12:14:44 - [33mPress CTRL+C to quit[0m
22-Mar-23 12:14:44 -  * Restarting with stat
22-Mar-23 12:14:45 -  * Debugger is active!
22-Mar-23 12:14:45 -  * Debugger PIN: 795-099-658
22-Mar-23 12:14:52 - 127.0.0.1 - - [22/Mar/2023 12:14:52] "GET /healthcheck HTTP/1.1" 200 -
